2024-04-12 22:09:47,993 [Worker-4: Loading available Gradle versions] INFO  o.e.b.c.i.u.g.PublishedGradleVersions - Gradle version information cache is out-of-date. Trying to update.
2024-04-12 22:10:20,509 [Worker-2: Building] INFO  o.e.m.c.i.l.LifecycleMappingFactory - Using org.maven.ide.eclipse.wtp.WarLifecycleMapping lifecycle mapping for MavenProject: AboutmeServiceRestProject:AboutmeServiceRestProject:0.0.1-SNAPSHOT @ C:\Users\Tin\Desktop\cv\BackEnd\JavaProject\AboutmeServiceRestProject\pom.xml.
2024-04-12 22:10:23,330 [Worker-2: Building] WARN  o.a.m.s.f.DefaultMavenResourcesFiltering - Using platform encoding (Cp1252 actually) to copy filtered resources, i.e. build is platform dependent!
2024-04-12 22:10:23,332 [Worker-2: Building] INFO  o.a.m.s.f.DefaultMavenResourcesFiltering - skip non existing resourceDirectory C:\Users\Tin\Desktop\cv\BackEnd\JavaProject\AboutmeServiceRestProject\src\main\resources
2024-04-12 22:10:23,340 [Worker-2: Building] WARN  o.a.m.s.f.DefaultMavenResourcesFiltering - Using platform encoding (Cp1252 actually) to copy filtered resources, i.e. build is platform dependent!
2024-04-12 22:10:23,343 [Worker-2: Building] INFO  o.a.m.s.f.DefaultMavenResourcesFiltering - skip non existing resourceDirectory C:\Users\Tin\Desktop\cv\BackEnd\JavaProject\AboutmeServiceRestProject\src\test\resources
2024-04-12 22:10:24,588 [Worker-6: Building] INFO  o.e.m.c.i.l.LifecycleMappingFactory - Using org.maven.ide.eclipse.wtp.WarLifecycleMapping lifecycle mapping for MavenProject: AwardsServiceRestProject:AwardsServiceRestProject:0.0.1-SNAPSHOT @ C:\Users\Tin\Desktop\cv\BackEnd\JavaProject\AwardsServiceRestProject\pom.xml.
2024-04-12 22:10:24,901 [Worker-6: Building] WARN  o.a.m.s.f.DefaultMavenResourcesFiltering - Using platform encoding (Cp1252 actually) to copy filtered resources, i.e. build is platform dependent!
2024-04-12 22:10:24,903 [Worker-6: Building] INFO  o.a.m.s.f.DefaultMavenResourcesFiltering - skip non existing resourceDirectory C:\Users\Tin\Desktop\cv\BackEnd\JavaProject\AwardsServiceRestProject\src\main\resources
2024-04-12 22:10:24,907 [Worker-6: Building] WARN  o.a.m.s.f.DefaultMavenResourcesFiltering - Using platform encoding (Cp1252 actually) to copy filtered resources, i.e. build is platform dependent!
2024-04-12 22:10:24,908 [Worker-6: Building] INFO  o.a.m.s.f.DefaultMavenResourcesFiltering - skip non existing resourceDirectory C:\Users\Tin\Desktop\cv\BackEnd\JavaProject\AwardsServiceRestProject\src\test\resources
2024-04-12 22:10:25,577 [Worker-6: Building] INFO  o.e.m.c.i.l.LifecycleMappingFactory - Using org.maven.ide.eclipse.wtp.WarLifecycleMapping lifecycle mapping for MavenProject: CertificatesServiceRestProject:CertificatesServiceRestProject:0.0.1-SNAPSHOT @ C:\Users\Tin\Desktop\cv\BackEnd\JavaProject\CertificatesServiceRestProject\pom.xml.
2024-04-12 22:10:25,899 [Worker-6: Building] WARN  o.a.m.s.f.DefaultMavenResourcesFiltering - Using platform encoding (Cp1252 actually) to copy filtered resources, i.e. build is platform dependent!
2024-04-12 22:10:25,901 [Worker-6: Building] INFO  o.a.m.s.f.DefaultMavenResourcesFiltering - skip non existing resourceDirectory C:\Users\Tin\Desktop\cv\BackEnd\JavaProject\CertificatesServiceRestProject\src\main\resources
2024-04-12 22:10:25,907 [Worker-6: Building] WARN  o.a.m.s.f.DefaultMavenResourcesFiltering - Using platform encoding (Cp1252 actually) to copy filtered resources, i.e. build is platform dependent!
2024-04-12 22:10:25,912 [Worker-6: Building] INFO  o.a.m.s.f.DefaultMavenResourcesFiltering - skip non existing resourceDirectory C:\Users\Tin\Desktop\cv\BackEnd\JavaProject\CertificatesServiceRestProject\src\test\resources
2024-04-12 22:10:26,716 [Worker-6: Building] INFO  o.e.m.c.i.l.LifecycleMappingFactory - Using org.maven.ide.eclipse.wtp.WarLifecycleMapping lifecycle mapping for MavenProject: EducationServiceRestProject:EducationServiceRestProject:0.0.1-SNAPSHOT @ C:\Users\Tin\Desktop\cv\BackEnd\JavaProject\EducationServiceRestProject\pom.xml.
2024-04-12 22:10:27,724 [Worker-6: Building] WARN  o.a.m.s.f.DefaultMavenResourcesFiltering - Using platform encoding (Cp1252 actually) to copy filtered resources, i.e. build is platform dependent!
2024-04-12 22:10:27,739 [Worker-6: Building] INFO  o.a.m.s.f.DefaultMavenResourcesFiltering - skip non existing resourceDirectory C:\Users\Tin\Desktop\cv\BackEnd\JavaProject\EducationServiceRestProject\src\main\resources
2024-04-12 22:10:27,749 [Worker-6: Building] WARN  o.a.m.s.f.DefaultMavenResourcesFiltering - Using platform encoding (Cp1252 actually) to copy filtered resources, i.e. build is platform dependent!
2024-04-12 22:10:27,752 [Worker-6: Building] INFO  o.a.m.s.f.DefaultMavenResourcesFiltering - skip non existing resourceDirectory C:\Users\Tin\Desktop\cv\BackEnd\JavaProject\EducationServiceRestProject\src\test\resources
2024-04-12 22:10:30,222 [Worker-6: Building] INFO  o.e.m.c.i.l.LifecycleMappingFactory - Using org.maven.ide.eclipse.wtp.WarLifecycleMapping lifecycle mapping for MavenProject: ExperiencesServiceRestProject:ExperiencesServiceRestProject:0.0.1-SNAPSHOT @ C:\Users\Tin\Desktop\cv\BackEnd\JavaProject\ExperiencesServiceRestProject\pom.xml.
2024-04-12 22:10:30,775 [Worker-6: Building] WARN  o.a.m.s.f.DefaultMavenResourcesFiltering - Using platform encoding (Cp1252 actually) to copy filtered resources, i.e. build is platform dependent!
2024-04-12 22:10:30,777 [Worker-6: Building] INFO  o.a.m.s.f.DefaultMavenResourcesFiltering - skip non existing resourceDirectory C:\Users\Tin\Desktop\cv\BackEnd\JavaProject\ExperiencesServiceRestProject\src\main\resources
2024-04-12 22:10:30,784 [Worker-6: Building] WARN  o.a.m.s.f.DefaultMavenResourcesFiltering - Using platform encoding (Cp1252 actually) to copy filtered resources, i.e. build is platform dependent!
2024-04-12 22:10:30,785 [Worker-6: Building] INFO  o.a.m.s.f.DefaultMavenResourcesFiltering - skip non existing resourceDirectory C:\Users\Tin\Desktop\cv\BackEnd\JavaProject\ExperiencesServiceRestProject\src\test\resources
2024-04-12 22:10:33,217 [Worker-6: Building] INFO  o.e.m.c.i.l.LifecycleMappingFactory - Using org.maven.ide.eclipse.wtp.WarLifecycleMapping lifecycle mapping for MavenProject: ProfileServiceRestProject:ProfileServiceRestProject:0.0.1-SNAPSHOT @ C:\Users\Tin\Desktop\cv\BackEnd\JavaProject\ProfileServiceRestProject\pom.xml.
2024-04-12 22:10:34,522 [Worker-6: Building] WARN  o.a.m.s.f.DefaultMavenResourcesFiltering - Using platform encoding (Cp1252 actually) to copy filtered resources, i.e. build is platform dependent!
2024-04-12 22:10:34,525 [Worker-6: Building] INFO  o.a.m.s.f.DefaultMavenResourcesFiltering - skip non existing resourceDirectory C:\Users\Tin\Desktop\cv\BackEnd\JavaProject\ProfileServiceRestProject\src\main\resources
2024-04-12 22:10:34,540 [Worker-6: Building] WARN  o.a.m.s.f.DefaultMavenResourcesFiltering - Using platform encoding (Cp1252 actually) to copy filtered resources, i.e. build is platform dependent!
2024-04-12 22:10:34,547 [Worker-6: Building] INFO  o.a.m.s.f.DefaultMavenResourcesFiltering - skip non existing resourceDirectory C:\Users\Tin\Desktop\cv\BackEnd\JavaProject\ProfileServiceRestProject\src\test\resources
2024-04-12 22:10:36,864 [Worker-0: Building] INFO  o.e.m.c.i.l.LifecycleMappingFactory - Using org.maven.ide.eclipse.wtp.WarLifecycleMapping lifecycle mapping for MavenProject: ProjectsServiceRestProject:ProjectsServiceRestProject:0.0.1-SNAPSHOT @ C:\Users\Tin\Desktop\cv\BackEnd\JavaProject\ProjectsServiceRestProject\pom.xml.
2024-04-12 22:10:37,311 [Worker-0: Building] WARN  o.a.m.s.f.DefaultMavenResourcesFiltering - Using platform encoding (Cp1252 actually) to copy filtered resources, i.e. build is platform dependent!
2024-04-12 22:10:37,313 [Worker-0: Building] INFO  o.a.m.s.f.DefaultMavenResourcesFiltering - skip non existing resourceDirectory C:\Users\Tin\Desktop\cv\BackEnd\JavaProject\ProjectsServiceRestProject\src\main\resources
2024-04-12 22:10:37,322 [Worker-0: Building] WARN  o.a.m.s.f.DefaultMavenResourcesFiltering - Using platform encoding (Cp1252 actually) to copy filtered resources, i.e. build is platform dependent!
2024-04-12 22:10:37,323 [Worker-0: Building] INFO  o.a.m.s.f.DefaultMavenResourcesFiltering - skip non existing resourceDirectory C:\Users\Tin\Desktop\cv\BackEnd\JavaProject\ProjectsServiceRestProject\src\test\resources
2024-04-12 22:10:37,895 [Worker-0: Building] INFO  o.e.m.c.i.l.LifecycleMappingFactory - Using org.maven.ide.eclipse.wtp.WarLifecycleMapping lifecycle mapping for MavenProject: SkillsServiceRestProject:SkillsServiceRestProject:0.0.1-SNAPSHOT @ C:\Users\Tin\Desktop\cv\BackEnd\JavaProject\SkillsServiceRestProject\pom.xml.
2024-04-12 22:10:38,569 [Worker-0: Building] WARN  o.a.m.s.f.DefaultMavenResourcesFiltering - Using platform encoding (Cp1252 actually) to copy filtered resources, i.e. build is platform dependent!
2024-04-12 22:10:38,571 [Worker-0: Building] INFO  o.a.m.s.f.DefaultMavenResourcesFiltering - skip non existing resourceDirectory C:\Users\Tin\Desktop\cv\BackEnd\JavaProject\SkillsServiceRestProject\src\main\resources
2024-04-12 22:10:38,579 [Worker-0: Building] WARN  o.a.m.s.f.DefaultMavenResourcesFiltering - Using platform encoding (Cp1252 actually) to copy filtered resources, i.e. build is platform dependent!
2024-04-12 22:10:38,586 [Worker-0: Building] INFO  o.a.m.s.f.DefaultMavenResourcesFiltering - skip non existing resourceDirectory C:\Users\Tin\Desktop\cv\BackEnd\JavaProject\SkillsServiceRestProject\src\test\resources
2024-04-12 22:10:39,417 [Worker-7: Download sources and javadoc] ERROR o.e.m.j.internal.DownloadSourcesJob - Could not download javadoc for UserServiceRestProject:UserServiceRestProject:0.0.1-SNAPSHOT
org.eclipse.core.runtime.CoreException: Could not resolve artifact UserServiceRestProject:UserServiceRestProject:jar:javadoc:0.0.1-SNAPSHOT
	at org.eclipse.m2e.core.internal.embedder.MavenImpl.lambda$7(MavenImpl.java:540)
	at org.eclipse.m2e.core.internal.embedder.MavenExecutionContext.executeBare(MavenExecutionContext.java:458)
	at org.eclipse.m2e.core.internal.embedder.MavenExecutionContext.execute(MavenExecutionContext.java:292)
	at org.eclipse.m2e.core.internal.embedder.MavenExecutionContext.execute(MavenExecutionContext.java:278)
	at org.eclipse.m2e.core.internal.embedder.MavenImpl.resolve(MavenImpl.java:509)
	at org.eclipse.m2e.core.internal.embedder.MavenImpl.resolve(MavenImpl.java:494)
	at org.eclipse.m2e.jdt.internal.DownloadSourcesJob.download(DownloadSourcesJob.java:308)
	at org.eclipse.m2e.jdt.internal.DownloadSourcesJob.downloadAttachments(DownloadSourcesJob.java:294)
	at org.eclipse.m2e.jdt.internal.DownloadSourcesJob.downloadMaven(DownloadSourcesJob.java:252)
	at org.eclipse.m2e.jdt.internal.DownloadSourcesJob.downloadFilesAndPopulateToUpdate(DownloadSourcesJob.java:220)
	at org.eclipse.m2e.jdt.internal.DownloadSourcesJob.lambda$0(DownloadSourcesJob.java:149)
	at org.eclipse.m2e.core.internal.embedder.MavenExecutionContext.executeBare(MavenExecutionContext.java:458)
	at org.eclipse.m2e.core.internal.embedder.MavenExecutionContext.execute(MavenExecutionContext.java:339)
	at org.eclipse.m2e.core.internal.embedder.MavenExecutionContext.execute(MavenExecutionContext.java:278)
	at org.eclipse.m2e.core.embedder.IMaven.execute(IMaven.java:300)
	at org.eclipse.m2e.jdt.internal.DownloadSourcesJob.run(DownloadSourcesJob.java:149)
	at org.eclipse.core.internal.jobs.Worker.run(Worker.java:63)
2024-04-12 22:10:40,548 [Worker-19: Building] INFO  o.e.m.c.i.l.LifecycleMappingFactory - Using org.maven.ide.eclipse.wtp.WarLifecycleMapping lifecycle mapping for MavenProject: UserServiceRestProject:UserServiceRestProject:0.0.1-SNAPSHOT @ C:\Users\Tin\Desktop\cv\BackEnd\JavaProject\UserServiceRestProject\pom.xml.
2024-04-12 22:10:40,826 [Worker-19: Building] INFO  o.e.m.c.i.l.LifecycleMappingFactory - Using org.maven.ide.eclipse.wtp.WarLifecycleMapping lifecycle mapping for MavenProject: SkillsServiceRestProject:SkillsServiceRestProject:0.0.1-SNAPSHOT @ C:\Users\Tin\Desktop\cv\BackEnd\JavaProject\SkillsServiceRestProject\pom.xml.
2024-04-12 22:10:40,865 [Worker-19: Building] INFO  o.e.m.c.i.p.WorkspaceClassifierResolverManager - Resolving P/UserServiceRestProject: UserServiceRestProject:UserServiceRestProject:0.0.1-SNAPSHOT with classifier  to /UserServiceRestProject/target/classes
2024-04-12 22:10:41,219 [Worker-19: Building] WARN  o.a.m.s.f.DefaultMavenResourcesFiltering - Using platform encoding (Cp1252 actually) to copy filtered resources, i.e. build is platform dependent!
2024-04-12 22:10:41,220 [Worker-19: Building] INFO  o.a.m.s.f.DefaultMavenResourcesFiltering - skip non existing resourceDirectory C:\Users\Tin\Desktop\cv\BackEnd\JavaProject\UserServiceRestProject\src\main\resources
2024-04-12 22:10:41,223 [Worker-19: Building] WARN  o.a.m.s.f.DefaultMavenResourcesFiltering - Using platform encoding (Cp1252 actually) to copy filtered resources, i.e. build is platform dependent!
2024-04-12 22:10:41,224 [Worker-19: Building] INFO  o.a.m.s.f.DefaultMavenResourcesFiltering - skip non existing resourceDirectory C:\Users\Tin\Desktop\cv\BackEnd\JavaProject\UserServiceRestProject\src\test\resources
2024-04-12 22:12:31,192 [Worker-13: Building] WARN  o.a.m.s.f.DefaultMavenResourcesFiltering - Using platform encoding (Cp1252 actually) to copy filtered resources, i.e. build is platform dependent!
2024-04-12 22:12:31,194 [Worker-13: Building] INFO  o.a.m.s.f.DefaultMavenResourcesFiltering - skip non existing resourceDirectory C:\Users\Tin\Desktop\cv\BackEnd\JavaProject\ProfileServiceRestProject\src\main\resources
2024-04-12 22:12:31,197 [Worker-13: Building] WARN  o.a.m.s.f.DefaultMavenResourcesFiltering - Using platform encoding (Cp1252 actually) to copy filtered resources, i.e. build is platform dependent!
2024-04-12 22:12:31,199 [Worker-13: Building] INFO  o.a.m.s.f.DefaultMavenResourcesFiltering - skip non existing resourceDirectory C:\Users\Tin\Desktop\cv\BackEnd\JavaProject\ProfileServiceRestProject\src\test\resources
2024-04-12 22:25:05,418 [Worker-13: Building] WARN  o.a.m.s.f.DefaultMavenResourcesFiltering - Using platform encoding (Cp1252 actually) to copy filtered resources, i.e. build is platform dependent!
2024-04-12 22:25:05,419 [Worker-13: Building] INFO  o.a.m.s.f.DefaultMavenResourcesFiltering - skip non existing resourceDirectory C:\Users\Tin\Desktop\cv\BackEnd\JavaProject\UserServiceRestProject\src\main\resources
2024-04-12 22:25:05,426 [Worker-13: Building] WARN  o.a.m.s.f.DefaultMavenResourcesFiltering - Using platform encoding (Cp1252 actually) to copy filtered resources, i.e. build is platform dependent!
2024-04-12 22:25:05,428 [Worker-13: Building] INFO  o.a.m.s.f.DefaultMavenResourcesFiltering - skip non existing resourceDirectory C:\Users\Tin\Desktop\cv\BackEnd\JavaProject\UserServiceRestProject\src\test\resources
2024-04-12 22:26:27,074 [Worker-23: Building] WARN  o.a.m.s.f.DefaultMavenResourcesFiltering - Using platform encoding (Cp1252 actually) to copy filtered resources, i.e. build is platform dependent!
2024-04-12 22:26:27,075 [Worker-23: Building] INFO  o.a.m.s.f.DefaultMavenResourcesFiltering - skip non existing resourceDirectory C:\Users\Tin\Desktop\cv\BackEnd\JavaProject\AboutmeServiceRestProject\src\main\resources
2024-04-12 22:26:27,082 [Worker-23: Building] WARN  o.a.m.s.f.DefaultMavenResourcesFiltering - Using platform encoding (Cp1252 actually) to copy filtered resources, i.e. build is platform dependent!
2024-04-12 22:26:27,084 [Worker-23: Building] INFO  o.a.m.s.f.DefaultMavenResourcesFiltering - skip non existing resourceDirectory C:\Users\Tin\Desktop\cv\BackEnd\JavaProject\AboutmeServiceRestProject\src\test\resources
2024-04-12 22:26:29,274 [Worker-25: Building] WARN  o.a.m.s.f.DefaultMavenResourcesFiltering - Using platform encoding (Cp1252 actually) to copy filtered resources, i.e. build is platform dependent!
2024-04-12 22:26:29,275 [Worker-25: Building] INFO  o.a.m.s.f.DefaultMavenResourcesFiltering - skip non existing resourceDirectory C:\Users\Tin\Desktop\cv\BackEnd\JavaProject\AwardsServiceRestProject\src\main\resources
2024-04-12 22:26:29,278 [Worker-25: Building] WARN  o.a.m.s.f.DefaultMavenResourcesFiltering - Using platform encoding (Cp1252 actually) to copy filtered resources, i.e. build is platform dependent!
2024-04-12 22:26:29,282 [Worker-25: Building] INFO  o.a.m.s.f.DefaultMavenResourcesFiltering - skip non existing resourceDirectory C:\Users\Tin\Desktop\cv\BackEnd\JavaProject\AwardsServiceRestProject\src\test\resources
2024-04-12 22:26:29,502 [Worker-25: Building] WARN  o.a.m.s.f.DefaultMavenResourcesFiltering - Using platform encoding (Cp1252 actually) to copy filtered resources, i.e. build is platform dependent!
2024-04-12 22:26:29,503 [Worker-25: Building] INFO  o.a.m.s.f.DefaultMavenResourcesFiltering - skip non existing resourceDirectory C:\Users\Tin\Desktop\cv\BackEnd\JavaProject\CertificatesServiceRestProject\src\main\resources
2024-04-12 22:26:29,505 [Worker-25: Building] WARN  o.a.m.s.f.DefaultMavenResourcesFiltering - Using platform encoding (Cp1252 actually) to copy filtered resources, i.e. build is platform dependent!
2024-04-12 22:26:29,508 [Worker-25: Building] INFO  o.a.m.s.f.DefaultMavenResourcesFiltering - skip non existing resourceDirectory C:\Users\Tin\Desktop\cv\BackEnd\JavaProject\CertificatesServiceRestProject\src\test\resources
2024-04-12 22:26:29,875 [Worker-25: Building] WARN  o.a.m.s.f.DefaultMavenResourcesFiltering - Using platform encoding (Cp1252 actually) to copy filtered resources, i.e. build is platform dependent!
2024-04-12 22:26:29,878 [Worker-25: Building] INFO  o.a.m.s.f.DefaultMavenResourcesFiltering - skip non existing resourceDirectory C:\Users\Tin\Desktop\cv\BackEnd\JavaProject\EducationServiceRestProject\src\main\resources
2024-04-12 22:26:29,884 [Worker-25: Building] WARN  o.a.m.s.f.DefaultMavenResourcesFiltering - Using platform encoding (Cp1252 actually) to copy filtered resources, i.e. build is platform dependent!
2024-04-12 22:26:29,886 [Worker-25: Building] INFO  o.a.m.s.f.DefaultMavenResourcesFiltering - skip non existing resourceDirectory C:\Users\Tin\Desktop\cv\BackEnd\JavaProject\EducationServiceRestProject\src\test\resources
2024-04-12 22:26:31,256 [Worker-24: Building] WARN  o.a.m.s.f.DefaultMavenResourcesFiltering - Using platform encoding (Cp1252 actually) to copy filtered resources, i.e. build is platform dependent!
2024-04-12 22:26:31,257 [Worker-24: Building] INFO  o.a.m.s.f.DefaultMavenResourcesFiltering - skip non existing resourceDirectory C:\Users\Tin\Desktop\cv\BackEnd\JavaProject\ExperiencesServiceRestProject\src\main\resources
2024-04-12 22:26:31,269 [Worker-24: Building] WARN  o.a.m.s.f.DefaultMavenResourcesFiltering - Using platform encoding (Cp1252 actually) to copy filtered resources, i.e. build is platform dependent!
2024-04-12 22:26:31,272 [Worker-24: Building] INFO  o.a.m.s.f.DefaultMavenResourcesFiltering - skip non existing resourceDirectory C:\Users\Tin\Desktop\cv\BackEnd\JavaProject\ExperiencesServiceRestProject\src\test\resources
2024-04-12 22:26:31,393 [Worker-24: Building] WARN  o.a.m.s.f.DefaultMavenResourcesFiltering - Using platform encoding (Cp1252 actually) to copy filtered resources, i.e. build is platform dependent!
2024-04-12 22:26:31,394 [Worker-24: Building] INFO  o.a.m.s.f.DefaultMavenResourcesFiltering - skip non existing resourceDirectory C:\Users\Tin\Desktop\cv\BackEnd\JavaProject\ProfileServiceRestProject\src\main\resources
2024-04-12 22:26:31,397 [Worker-24: Building] WARN  o.a.m.s.f.DefaultMavenResourcesFiltering - Using platform encoding (Cp1252 actually) to copy filtered resources, i.e. build is platform dependent!
2024-04-12 22:26:31,399 [Worker-24: Building] INFO  o.a.m.s.f.DefaultMavenResourcesFiltering - skip non existing resourceDirectory C:\Users\Tin\Desktop\cv\BackEnd\JavaProject\ProfileServiceRestProject\src\test\resources
2024-04-12 22:26:31,606 [Worker-24: Building] WARN  o.a.m.s.f.DefaultMavenResourcesFiltering - Using platform encoding (Cp1252 actually) to copy filtered resources, i.e. build is platform dependent!
2024-04-12 22:26:31,616 [Worker-24: Building] INFO  o.a.m.s.f.DefaultMavenResourcesFiltering - skip non existing resourceDirectory C:\Users\Tin\Desktop\cv\BackEnd\JavaProject\ProjectsServiceRestProject\src\main\resources
2024-04-12 22:26:31,618 [Worker-24: Building] WARN  o.a.m.s.f.DefaultMavenResourcesFiltering - Using platform encoding (Cp1252 actually) to copy filtered resources, i.e. build is platform dependent!
2024-04-12 22:26:31,619 [Worker-24: Building] INFO  o.a.m.s.f.DefaultMavenResourcesFiltering - skip non existing resourceDirectory C:\Users\Tin\Desktop\cv\BackEnd\JavaProject\ProjectsServiceRestProject\src\test\resources
2024-04-12 22:26:31,717 [Worker-24: Building] WARN  o.a.m.s.f.DefaultMavenResourcesFiltering - Using platform encoding (Cp1252 actually) to copy filtered resources, i.e. build is platform dependent!
2024-04-12 22:26:31,719 [Worker-24: Building] INFO  o.a.m.s.f.DefaultMavenResourcesFiltering - skip non existing resourceDirectory C:\Users\Tin\Desktop\cv\BackEnd\JavaProject\SkillsServiceRestProject\src\main\resources
2024-04-12 22:26:31,723 [Worker-24: Building] WARN  o.a.m.s.f.DefaultMavenResourcesFiltering - Using platform encoding (Cp1252 actually) to copy filtered resources, i.e. build is platform dependent!
2024-04-12 22:26:31,725 [Worker-24: Building] INFO  o.a.m.s.f.DefaultMavenResourcesFiltering - skip non existing resourceDirectory C:\Users\Tin\Desktop\cv\BackEnd\JavaProject\SkillsServiceRestProject\src\test\resources
2024-04-12 22:33:18,075 [Worker-23: Building] WARN  o.a.m.s.f.DefaultMavenResourcesFiltering - Using platform encoding (Cp1252 actually) to copy filtered resources, i.e. build is platform dependent!
2024-04-12 22:33:18,076 [Worker-23: Building] INFO  o.a.m.s.f.DefaultMavenResourcesFiltering - skip non existing resourceDirectory C:\Users\Tin\Desktop\cv\BackEnd\JavaProject\ExperiencesServiceRestProject\src\main\resources
2024-04-12 22:33:18,080 [Worker-23: Building] WARN  o.a.m.s.f.DefaultMavenResourcesFiltering - Using platform encoding (Cp1252 actually) to copy filtered resources, i.e. build is platform dependent!
2024-04-12 22:33:18,081 [Worker-23: Building] INFO  o.a.m.s.f.DefaultMavenResourcesFiltering - skip non existing resourceDirectory C:\Users\Tin\Desktop\cv\BackEnd\JavaProject\ExperiencesServiceRestProject\src\test\resources
2024-04-12 22:48:45,634 [Worker-31: Updating Maven Project] INFO  o.e.m.c.i.p.ProjectConfigurationManager - Update started
2024-04-12 22:48:46,379 [Worker-31: Updating Maven Project] INFO  o.e.m.c.i.l.LifecycleMappingFactory - Using org.maven.ide.eclipse.wtp.WarLifecycleMapping lifecycle mapping for MavenProject: AboutmeServiceRestProject:AboutmeServiceRestProject:0.0.1-SNAPSHOT @ C:\Users\Tin\Desktop\cv\BackEnd\JavaProject\AboutmeServiceRestProject\pom.xml.
2024-04-12 22:48:46,485 [Worker-31: Updating Maven Project] INFO  o.e.m.c.i.l.LifecycleMappingFactory - Using org.maven.ide.eclipse.wtp.WarLifecycleMapping lifecycle mapping for MavenProject: AwardsServiceRestProject:AwardsServiceRestProject:0.0.1-SNAPSHOT @ C:\Users\Tin\Desktop\cv\BackEnd\JavaProject\AwardsServiceRestProject\pom.xml.
2024-04-12 22:48:46,537 [Worker-31: Updating Maven Project] INFO  o.e.m.c.i.l.LifecycleMappingFactory - Using org.maven.ide.eclipse.wtp.WarLifecycleMapping lifecycle mapping for MavenProject: CertificatesServiceRestProject:CertificatesServiceRestProject:0.0.1-SNAPSHOT @ C:\Users\Tin\Desktop\cv\BackEnd\JavaProject\CertificatesServiceRestProject\pom.xml.
2024-04-12 22:48:46,598 [Worker-31: Updating Maven Project] INFO  o.e.m.c.i.l.LifecycleMappingFactory - Using org.maven.ide.eclipse.wtp.WarLifecycleMapping lifecycle mapping for MavenProject: EducationServiceRestProject:EducationServiceRestProject:0.0.1-SNAPSHOT @ C:\Users\Tin\Desktop\cv\BackEnd\JavaProject\EducationServiceRestProject\pom.xml.
2024-04-12 22:48:46,653 [Worker-31: Updating Maven Project] INFO  o.e.m.c.i.l.LifecycleMappingFactory - Using org.maven.ide.eclipse.wtp.WarLifecycleMapping lifecycle mapping for MavenProject: ExperiencesServiceRestProject:ExperiencesServiceRestProject:0.0.1-SNAPSHOT @ C:\Users\Tin\Desktop\cv\BackEnd\JavaProject\ExperiencesServiceRestProject\pom.xml.
2024-04-12 22:48:46,847 [Worker-31: Updating Maven Project] INFO  o.e.m.c.i.l.LifecycleMappingFactory - Using org.maven.ide.eclipse.wtp.WarLifecycleMapping lifecycle mapping for MavenProject: ProfileServiceRestProject:ProfileServiceRestProject:0.0.1-SNAPSHOT @ C:\Users\Tin\Desktop\cv\BackEnd\JavaProject\ProfileServiceRestProject\pom.xml.
2024-04-12 22:48:46,956 [Worker-31: Updating Maven Project] INFO  o.e.m.c.i.l.LifecycleMappingFactory - Using org.maven.ide.eclipse.wtp.WarLifecycleMapping lifecycle mapping for MavenProject: ProjectsServiceRestProject:ProjectsServiceRestProject:0.0.1-SNAPSHOT @ C:\Users\Tin\Desktop\cv\BackEnd\JavaProject\ProjectsServiceRestProject\pom.xml.
2024-04-12 22:48:47,006 [Worker-31: Updating Maven Project] INFO  o.e.m.c.i.l.LifecycleMappingFactory - Using org.maven.ide.eclipse.wtp.WarLifecycleMapping lifecycle mapping for MavenProject: SkillsServiceRestProject:SkillsServiceRestProject:0.0.1-SNAPSHOT @ C:\Users\Tin\Desktop\cv\BackEnd\JavaProject\SkillsServiceRestProject\pom.xml.
2024-04-12 22:48:47,019 [Worker-31: Updating Maven Project] INFO  o.e.m.c.i.p.WorkspaceClassifierResolverManager - Resolving P/UserServiceRestProject: UserServiceRestProject:UserServiceRestProject:0.0.1-SNAPSHOT with classifier  to /UserServiceRestProject/target/classes
2024-04-12 22:48:47,059 [Worker-31: Updating Maven Project] INFO  o.e.m.c.i.l.LifecycleMappingFactory - Using org.maven.ide.eclipse.wtp.WarLifecycleMapping lifecycle mapping for MavenProject: UserServiceRestProject:UserServiceRestProject:0.0.1-SNAPSHOT @ C:\Users\Tin\Desktop\cv\BackEnd\JavaProject\UserServiceRestProject\pom.xml.
2024-04-12 22:48:48,791 [Worker-31: Updating Maven Project] INFO  o.e.m.j.i.AbstractJavaProjectConfigurator - Adding source folder /AboutmeServiceRestProject/src
2024-04-12 22:48:48,793 [Worker-31: Updating Maven Project] INFO  o.e.m.j.i.AbstractJavaProjectConfigurator - Resources folder /AboutmeServiceRestProject/src/main/resources overlaps with sources folder /AboutmeServiceRestProject/src
2024-04-12 22:48:48,795 [Worker-31: Updating Maven Project] INFO  o.e.m.j.i.AbstractJavaProjectConfigurator - Not adding source folder /AboutmeServiceRestProject/src/test/java because it overlaps with /AboutmeServiceRestProject/src
2024-04-12 22:48:48,797 [Worker-31: Updating Maven Project] INFO  o.e.m.j.i.AbstractJavaProjectConfigurator - Resources folder /AboutmeServiceRestProject/src/test/resources overlaps with sources folder /AboutmeServiceRestProject/src
2024-04-12 22:48:49,014 [Worker-31: Updating Maven Project] INFO  o.e.m.j.i.AbstractJavaProjectConfigurator - Adding source folder /AwardsServiceRestProject/src
2024-04-12 22:48:49,015 [Worker-31: Updating Maven Project] INFO  o.e.m.j.i.AbstractJavaProjectConfigurator - Resources folder /AwardsServiceRestProject/src/main/resources overlaps with sources folder /AwardsServiceRestProject/src
2024-04-12 22:48:49,017 [Worker-31: Updating Maven Project] INFO  o.e.m.j.i.AbstractJavaProjectConfigurator - Not adding source folder /AwardsServiceRestProject/src/test/java because it overlaps with /AwardsServiceRestProject/src
2024-04-12 22:48:49,018 [Worker-31: Updating Maven Project] INFO  o.e.m.j.i.AbstractJavaProjectConfigurator - Resources folder /AwardsServiceRestProject/src/test/resources overlaps with sources folder /AwardsServiceRestProject/src
2024-04-12 22:48:49,141 [Worker-31: Updating Maven Project] INFO  o.e.m.j.i.AbstractJavaProjectConfigurator - Adding source folder /CertificatesServiceRestProject/src
2024-04-12 22:48:49,142 [Worker-31: Updating Maven Project] INFO  o.e.m.j.i.AbstractJavaProjectConfigurator - Resources folder /CertificatesServiceRestProject/src/main/resources overlaps with sources folder /CertificatesServiceRestProject/src
2024-04-12 22:48:49,143 [Worker-31: Updating Maven Project] INFO  o.e.m.j.i.AbstractJavaProjectConfigurator - Not adding source folder /CertificatesServiceRestProject/src/test/java because it overlaps with /CertificatesServiceRestProject/src
2024-04-12 22:48:49,144 [Worker-31: Updating Maven Project] INFO  o.e.m.j.i.AbstractJavaProjectConfigurator - Resources folder /CertificatesServiceRestProject/src/test/resources overlaps with sources folder /CertificatesServiceRestProject/src
2024-04-12 22:48:49,260 [Worker-31: Updating Maven Project] INFO  o.e.m.j.i.AbstractJavaProjectConfigurator - Adding source folder /EducationServiceRestProject/src
2024-04-12 22:48:49,261 [Worker-31: Updating Maven Project] INFO  o.e.m.j.i.AbstractJavaProjectConfigurator - Resources folder /EducationServiceRestProject/src/main/resources overlaps with sources folder /EducationServiceRestProject/src
2024-04-12 22:48:49,262 [Worker-31: Updating Maven Project] INFO  o.e.m.j.i.AbstractJavaProjectConfigurator - Not adding source folder /EducationServiceRestProject/src/test/java because it overlaps with /EducationServiceRestProject/src
2024-04-12 22:48:49,264 [Worker-31: Updating Maven Project] INFO  o.e.m.j.i.AbstractJavaProjectConfigurator - Resources folder /EducationServiceRestProject/src/test/resources overlaps with sources folder /EducationServiceRestProject/src
2024-04-12 22:48:50,545 [Worker-31: Updating Maven Project] INFO  o.e.m.j.i.AbstractJavaProjectConfigurator - Adding source folder /ExperiencesServiceRestProject/src
2024-04-12 22:48:50,547 [Worker-31: Updating Maven Project] INFO  o.e.m.j.i.AbstractJavaProjectConfigurator - Resources folder /ExperiencesServiceRestProject/src/main/resources overlaps with sources folder /ExperiencesServiceRestProject/src
2024-04-12 22:48:50,548 [Worker-31: Updating Maven Project] INFO  o.e.m.j.i.AbstractJavaProjectConfigurator - Not adding source folder /ExperiencesServiceRestProject/src/test/java because it overlaps with /ExperiencesServiceRestProject/src
2024-04-12 22:48:50,550 [Worker-31: Updating Maven Project] INFO  o.e.m.j.i.AbstractJavaProjectConfigurator - Resources folder /ExperiencesServiceRestProject/src/test/resources overlaps with sources folder /ExperiencesServiceRestProject/src
2024-04-12 22:48:50,746 [Worker-31: Updating Maven Project] INFO  o.e.m.j.i.AbstractJavaProjectConfigurator - Adding source folder /ProfileServiceRestProject/src/main/java
2024-04-12 22:48:50,751 [Worker-31: Updating Maven Project] INFO  o.e.m.j.i.AbstractJavaProjectConfigurator - Adding resource folder /ProfileServiceRestProject/src/main/resources
2024-04-12 22:48:50,756 [Worker-31: Updating Maven Project] INFO  o.e.m.j.i.AbstractJavaProjectConfigurator - Adding source folder /ProfileServiceRestProject/src/test/java
2024-04-12 22:48:50,757 [Worker-31: Updating Maven Project] INFO  o.e.m.j.i.AbstractJavaProjectConfigurator - Adding resource folder /ProfileServiceRestProject/src/test/resources
2024-04-12 22:48:50,949 [Worker-31: Updating Maven Project] INFO  o.e.m.j.i.AbstractJavaProjectConfigurator - Adding source folder /ProjectsServiceRestProject/src
2024-04-12 22:48:50,950 [Worker-31: Updating Maven Project] INFO  o.e.m.j.i.AbstractJavaProjectConfigurator - Resources folder /ProjectsServiceRestProject/src/main/resources overlaps with sources folder /ProjectsServiceRestProject/src
2024-04-12 22:48:50,951 [Worker-31: Updating Maven Project] INFO  o.e.m.j.i.AbstractJavaProjectConfigurator - Not adding source folder /ProjectsServiceRestProject/src/test/java because it overlaps with /ProjectsServiceRestProject/src
2024-04-12 22:48:50,956 [Worker-31: Updating Maven Project] INFO  o.e.m.j.i.AbstractJavaProjectConfigurator - Resources folder /ProjectsServiceRestProject/src/test/resources overlaps with sources folder /ProjectsServiceRestProject/src
2024-04-12 22:48:51,168 [Worker-31: Updating Maven Project] INFO  o.e.m.j.i.AbstractJavaProjectConfigurator - Adding source folder /SkillsServiceRestProject/src
2024-04-12 22:48:51,171 [Worker-31: Updating Maven Project] INFO  o.e.m.j.i.AbstractJavaProjectConfigurator - Resources folder /SkillsServiceRestProject/src/main/resources overlaps with sources folder /SkillsServiceRestProject/src
2024-04-12 22:48:51,173 [Worker-31: Updating Maven Project] INFO  o.e.m.j.i.AbstractJavaProjectConfigurator - Not adding source folder /SkillsServiceRestProject/src/test/java because it overlaps with /SkillsServiceRestProject/src
2024-04-12 22:48:51,174 [Worker-31: Updating Maven Project] INFO  o.e.m.j.i.AbstractJavaProjectConfigurator - Resources folder /SkillsServiceRestProject/src/test/resources overlaps with sources folder /SkillsServiceRestProject/src
2024-04-12 22:48:51,316 [Worker-31: Updating Maven Project] INFO  o.e.m.j.i.AbstractJavaProjectConfigurator - Adding source folder /UserServiceRestProject/src
2024-04-12 22:48:51,317 [Worker-31: Updating Maven Project] INFO  o.e.m.j.i.AbstractJavaProjectConfigurator - Resources folder /UserServiceRestProject/src/main/resources overlaps with sources folder /UserServiceRestProject/src
2024-04-12 22:48:51,318 [Worker-31: Updating Maven Project] INFO  o.e.m.j.i.AbstractJavaProjectConfigurator - Not adding source folder /UserServiceRestProject/src/test/java because it overlaps with /UserServiceRestProject/src
2024-04-12 22:48:51,321 [Worker-31: Updating Maven Project] INFO  o.e.m.j.i.AbstractJavaProjectConfigurator - Resources folder /UserServiceRestProject/src/test/resources overlaps with sources folder /UserServiceRestProject/src
2024-04-12 22:48:52,748 [Worker-31: Updating Maven Project] INFO  o.e.m.w.i.f.ResourceFilteringBuildParticipant - Cleaning filtered folder for AboutmeServiceRestProject
2024-04-12 22:48:52,961 [Worker-31: Updating Maven Project] INFO  o.e.m.w.i.f.ResourceFilteringBuildParticipant - Cleaning filtered folder for AwardsServiceRestProject
2024-04-12 22:48:53,029 [Worker-31: Updating Maven Project] INFO  o.e.m.w.i.f.ResourceFilteringBuildParticipant - Cleaning filtered folder for CertificatesServiceRestProject
2024-04-12 22:48:53,073 [Worker-31: Updating Maven Project] INFO  o.e.m.w.i.f.ResourceFilteringBuildParticipant - Cleaning filtered folder for EducationServiceRestProject
2024-04-12 22:48:53,137 [Worker-31: Updating Maven Project] INFO  o.e.m.w.i.f.ResourceFilteringBuildParticipant - Cleaning filtered folder for ExperiencesServiceRestProject
2024-04-12 22:48:53,181 [Worker-31: Updating Maven Project] INFO  o.e.m.w.i.f.ResourceFilteringBuildParticipant - Cleaning filtered folder for ProfileServiceRestProject
2024-04-12 22:48:53,241 [Worker-31: Updating Maven Project] INFO  o.e.m.w.i.f.ResourceFilteringBuildParticipant - Cleaning filtered folder for ProjectsServiceRestProject
2024-04-12 22:48:53,289 [Worker-31: Updating Maven Project] INFO  o.e.m.w.i.f.ResourceFilteringBuildParticipant - Cleaning filtered folder for SkillsServiceRestProject
2024-04-12 22:48:53,341 [Worker-31: Updating Maven Project] INFO  o.e.m.w.i.f.ResourceFilteringBuildParticipant - Cleaning filtered folder for UserServiceRestProject
2024-04-12 22:48:53,367 [Worker-31: Updating Maven Project] INFO  o.e.m.c.i.p.ProjectConfigurationManager - Update completed for 9 poms: local refresh takes 0.00 sec, refresh facades takes 2.00 sec, update config takes 2.00 sec 
2024-04-12 22:48:53,855 [Worker-2: Building] WARN  o.a.m.s.f.DefaultMavenResourcesFiltering - Using platform encoding (Cp1252 actually) to copy filtered resources, i.e. build is platform dependent!
2024-04-12 22:48:53,856 [Worker-2: Building] INFO  o.a.m.s.f.DefaultMavenResourcesFiltering - skip non existing resourceDirectory C:\Users\Tin\Desktop\cv\BackEnd\JavaProject\AboutmeServiceRestProject\src\main\resources
2024-04-12 22:48:53,862 [Worker-2: Building] WARN  o.a.m.s.f.DefaultMavenResourcesFiltering - Using platform encoding (Cp1252 actually) to copy filtered resources, i.e. build is platform dependent!
2024-04-12 22:48:53,864 [Worker-2: Building] INFO  o.a.m.s.f.DefaultMavenResourcesFiltering - skip non existing resourceDirectory C:\Users\Tin\Desktop\cv\BackEnd\JavaProject\AboutmeServiceRestProject\src\test\resources
2024-04-12 22:48:53,864 [Worker-2: Building] INFO  o.e.m.w.i.f.ResourceFilteringBuildParticipant - Changed resources require a complete clean of filtered resources of AboutmeServiceRestProject
2024-04-12 22:48:53,865 [Worker-2: Building] INFO  o.e.m.w.i.f.ResourceFilteringBuildParticipant - Executing resource filtering for AboutmeServiceRestProject
2024-04-12 22:48:56,093 [Worker-31: Building] WARN  o.a.m.s.f.DefaultMavenResourcesFiltering - Using platform encoding (Cp1252 actually) to copy filtered resources, i.e. build is platform dependent!
2024-04-12 22:48:56,094 [Worker-31: Building] INFO  o.a.m.s.f.DefaultMavenResourcesFiltering - skip non existing resourceDirectory C:\Users\Tin\Desktop\cv\BackEnd\JavaProject\AwardsServiceRestProject\src\main\resources
2024-04-12 22:48:56,097 [Worker-31: Building] WARN  o.a.m.s.f.DefaultMavenResourcesFiltering - Using platform encoding (Cp1252 actually) to copy filtered resources, i.e. build is platform dependent!
2024-04-12 22:48:56,099 [Worker-31: Building] INFO  o.a.m.s.f.DefaultMavenResourcesFiltering - skip non existing resourceDirectory C:\Users\Tin\Desktop\cv\BackEnd\JavaProject\AwardsServiceRestProject\src\test\resources
2024-04-12 22:48:56,099 [Worker-31: Building] INFO  o.e.m.w.i.f.ResourceFilteringBuildParticipant - Changed resources require a complete clean of filtered resources of AwardsServiceRestProject
2024-04-12 22:48:56,099 [Worker-31: Building] INFO  o.e.m.w.i.f.ResourceFilteringBuildParticipant - Executing resource filtering for AwardsServiceRestProject
2024-04-12 22:48:56,235 [Worker-31: Building] WARN  o.a.m.s.f.DefaultMavenResourcesFiltering - Using platform encoding (Cp1252 actually) to copy filtered resources, i.e. build is platform dependent!
2024-04-12 22:48:56,236 [Worker-31: Building] INFO  o.a.m.s.f.DefaultMavenResourcesFiltering - skip non existing resourceDirectory C:\Users\Tin\Desktop\cv\BackEnd\JavaProject\CertificatesServiceRestProject\src\main\resources
2024-04-12 22:48:56,238 [Worker-31: Building] WARN  o.a.m.s.f.DefaultMavenResourcesFiltering - Using platform encoding (Cp1252 actually) to copy filtered resources, i.e. build is platform dependent!
2024-04-12 22:48:56,240 [Worker-31: Building] INFO  o.a.m.s.f.DefaultMavenResourcesFiltering - skip non existing resourceDirectory C:\Users\Tin\Desktop\cv\BackEnd\JavaProject\CertificatesServiceRestProject\src\test\resources
2024-04-12 22:48:56,242 [Worker-31: Building] INFO  o.e.m.w.i.f.ResourceFilteringBuildParticipant - Changed resources require a complete clean of filtered resources of CertificatesServiceRestProject
2024-04-12 22:48:56,242 [Worker-31: Building] INFO  o.e.m.w.i.f.ResourceFilteringBuildParticipant - Executing resource filtering for CertificatesServiceRestProject
2024-04-12 22:48:56,424 [Worker-31: Building] WARN  o.a.m.s.f.DefaultMavenResourcesFiltering - Using platform encoding (Cp1252 actually) to copy filtered resources, i.e. build is platform dependent!
2024-04-12 22:48:56,425 [Worker-31: Building] INFO  o.a.m.s.f.DefaultMavenResourcesFiltering - skip non existing resourceDirectory C:\Users\Tin\Desktop\cv\BackEnd\JavaProject\EducationServiceRestProject\src\main\resources
2024-04-12 22:48:56,434 [Worker-31: Building] WARN  o.a.m.s.f.DefaultMavenResourcesFiltering - Using platform encoding (Cp1252 actually) to copy filtered resources, i.e. build is platform dependent!
2024-04-12 22:48:56,435 [Worker-31: Building] INFO  o.a.m.s.f.DefaultMavenResourcesFiltering - skip non existing resourceDirectory C:\Users\Tin\Desktop\cv\BackEnd\JavaProject\EducationServiceRestProject\src\test\resources
2024-04-12 22:48:56,435 [Worker-31: Building] INFO  o.e.m.w.i.f.ResourceFilteringBuildParticipant - Changed resources require a complete clean of filtered resources of EducationServiceRestProject
2024-04-12 22:48:56,435 [Worker-31: Building] INFO  o.e.m.w.i.f.ResourceFilteringBuildParticipant - Executing resource filtering for EducationServiceRestProject
2024-04-12 22:48:56,597 [Worker-31: Building] WARN  o.a.m.s.f.DefaultMavenResourcesFiltering - Using platform encoding (Cp1252 actually) to copy filtered resources, i.e. build is platform dependent!
2024-04-12 22:48:56,599 [Worker-31: Building] INFO  o.a.m.s.f.DefaultMavenResourcesFiltering - skip non existing resourceDirectory C:\Users\Tin\Desktop\cv\BackEnd\JavaProject\ExperiencesServiceRestProject\src\main\resources
2024-04-12 22:48:56,625 [Worker-31: Building] WARN  o.a.m.s.f.DefaultMavenResourcesFiltering - Using platform encoding (Cp1252 actually) to copy filtered resources, i.e. build is platform dependent!
2024-04-12 22:48:56,628 [Worker-31: Building] INFO  o.a.m.s.f.DefaultMavenResourcesFiltering - skip non existing resourceDirectory C:\Users\Tin\Desktop\cv\BackEnd\JavaProject\ExperiencesServiceRestProject\src\test\resources
2024-04-12 22:48:56,628 [Worker-31: Building] INFO  o.e.m.w.i.f.ResourceFilteringBuildParticipant - Changed resources require a complete clean of filtered resources of ExperiencesServiceRestProject
2024-04-12 22:48:56,628 [Worker-31: Building] INFO  o.e.m.w.i.f.ResourceFilteringBuildParticipant - Executing resource filtering for ExperiencesServiceRestProject
2024-04-12 22:48:56,968 [Worker-31: Building] WARN  o.a.m.s.f.DefaultMavenResourcesFiltering - Using platform encoding (Cp1252 actually) to copy filtered resources, i.e. build is platform dependent!
2024-04-12 22:48:56,969 [Worker-31: Building] INFO  o.a.m.s.f.DefaultMavenResourcesFiltering - skip non existing resourceDirectory C:\Users\Tin\Desktop\cv\BackEnd\JavaProject\ProfileServiceRestProject\src\main\resources
2024-04-12 22:48:56,975 [Worker-31: Building] WARN  o.a.m.s.f.DefaultMavenResourcesFiltering - Using platform encoding (Cp1252 actually) to copy filtered resources, i.e. build is platform dependent!
2024-04-12 22:48:56,976 [Worker-31: Building] INFO  o.a.m.s.f.DefaultMavenResourcesFiltering - skip non existing resourceDirectory C:\Users\Tin\Desktop\cv\BackEnd\JavaProject\ProfileServiceRestProject\src\test\resources
2024-04-12 22:48:56,977 [Worker-31: Building] INFO  o.e.m.w.i.f.ResourceFilteringBuildParticipant - Changed resources require a complete clean of filtered resources of ProfileServiceRestProject
2024-04-12 22:48:56,977 [Worker-31: Building] INFO  o.e.m.w.i.f.ResourceFilteringBuildParticipant - Executing resource filtering for ProfileServiceRestProject
2024-04-12 22:49:00,197 [Worker-2: Building] WARN  o.a.m.s.f.DefaultMavenResourcesFiltering - Using platform encoding (Cp1252 actually) to copy filtered resources, i.e. build is platform dependent!
2024-04-12 22:49:00,198 [Worker-2: Building] INFO  o.a.m.s.f.DefaultMavenResourcesFiltering - skip non existing resourceDirectory C:\Users\Tin\Desktop\cv\BackEnd\JavaProject\ProjectsServiceRestProject\src\main\resources
2024-04-12 22:49:00,199 [Worker-2: Building] WARN  o.a.m.s.f.DefaultMavenResourcesFiltering - Using platform encoding (Cp1252 actually) to copy filtered resources, i.e. build is platform dependent!
2024-04-12 22:49:00,202 [Worker-2: Building] INFO  o.a.m.s.f.DefaultMavenResourcesFiltering - skip non existing resourceDirectory C:\Users\Tin\Desktop\cv\BackEnd\JavaProject\ProjectsServiceRestProject\src\test\resources
2024-04-12 22:49:00,202 [Worker-2: Building] INFO  o.e.m.w.i.f.ResourceFilteringBuildParticipant - Changed resources require a complete clean of filtered resources of ProjectsServiceRestProject
2024-04-12 22:49:00,202 [Worker-2: Building] INFO  o.e.m.w.i.f.ResourceFilteringBuildParticipant - Executing resource filtering for ProjectsServiceRestProject
2024-04-12 22:49:00,383 [Worker-28: Building] WARN  o.a.m.s.f.DefaultMavenResourcesFiltering - Using platform encoding (Cp1252 actually) to copy filtered resources, i.e. build is platform dependent!
2024-04-12 22:49:00,384 [Worker-28: Building] INFO  o.a.m.s.f.DefaultMavenResourcesFiltering - skip non existing resourceDirectory C:\Users\Tin\Desktop\cv\BackEnd\JavaProject\SkillsServiceRestProject\src\main\resources
2024-04-12 22:49:00,389 [Worker-28: Building] WARN  o.a.m.s.f.DefaultMavenResourcesFiltering - Using platform encoding (Cp1252 actually) to copy filtered resources, i.e. build is platform dependent!
2024-04-12 22:49:00,392 [Worker-28: Building] INFO  o.a.m.s.f.DefaultMavenResourcesFiltering - skip non existing resourceDirectory C:\Users\Tin\Desktop\cv\BackEnd\JavaProject\SkillsServiceRestProject\src\test\resources
2024-04-12 22:49:00,393 [Worker-28: Building] INFO  o.e.m.w.i.f.ResourceFilteringBuildParticipant - Changed resources require a complete clean of filtered resources of SkillsServiceRestProject
2024-04-12 22:49:00,393 [Worker-28: Building] INFO  o.e.m.w.i.f.ResourceFilteringBuildParticipant - Executing resource filtering for SkillsServiceRestProject
2024-04-12 22:49:00,577 [Worker-28: Building] WARN  o.a.m.s.f.DefaultMavenResourcesFiltering - Using platform encoding (Cp1252 actually) to copy filtered resources, i.e. build is platform dependent!
2024-04-12 22:49:00,578 [Worker-28: Building] INFO  o.a.m.s.f.DefaultMavenResourcesFiltering - skip non existing resourceDirectory C:\Users\Tin\Desktop\cv\BackEnd\JavaProject\UserServiceRestProject\src\main\resources
2024-04-12 22:49:00,581 [Worker-28: Building] WARN  o.a.m.s.f.DefaultMavenResourcesFiltering - Using platform encoding (Cp1252 actually) to copy filtered resources, i.e. build is platform dependent!
2024-04-12 22:49:00,582 [Worker-28: Building] INFO  o.a.m.s.f.DefaultMavenResourcesFiltering - skip non existing resourceDirectory C:\Users\Tin\Desktop\cv\BackEnd\JavaProject\UserServiceRestProject\src\test\resources
2024-04-12 22:49:00,582 [Worker-28: Building] INFO  o.e.m.w.i.f.ResourceFilteringBuildParticipant - Changed resources require a complete clean of filtered resources of UserServiceRestProject
2024-04-12 22:49:00,583 [Worker-28: Building] INFO  o.e.m.w.i.f.ResourceFilteringBuildParticipant - Executing resource filtering for UserServiceRestProject
2024-04-12 22:51:56,475 [Worker-33: Building] WARN  o.a.m.s.f.DefaultMavenResourcesFiltering - Using platform encoding (Cp1252 actually) to copy filtered resources, i.e. build is platform dependent!
2024-04-12 22:51:56,476 [Worker-33: Building] INFO  o.a.m.s.f.DefaultMavenResourcesFiltering - skip non existing resourceDirectory C:\Users\Tin\Desktop\cv\BackEnd\JavaProject\ProjectsServiceRestProject\src\main\resources
2024-04-12 22:51:56,481 [Worker-33: Building] WARN  o.a.m.s.f.DefaultMavenResourcesFiltering - Using platform encoding (Cp1252 actually) to copy filtered resources, i.e. build is platform dependent!
2024-04-12 22:51:56,489 [Worker-33: Building] INFO  o.a.m.s.f.DefaultMavenResourcesFiltering - skip non existing resourceDirectory C:\Users\Tin\Desktop\cv\BackEnd\JavaProject\ProjectsServiceRestProject\src\test\resources
2024-04-12 22:52:23,243 [Worker-33: Building] WARN  o.a.m.s.f.DefaultMavenResourcesFiltering - Using platform encoding (Cp1252 actually) to copy filtered resources, i.e. build is platform dependent!
2024-04-12 22:52:23,244 [Worker-33: Building] INFO  o.a.m.s.f.DefaultMavenResourcesFiltering - skip non existing resourceDirectory C:\Users\Tin\Desktop\cv\BackEnd\JavaProject\ProjectsServiceRestProject\src\main\resources
2024-04-12 22:52:23,246 [Worker-33: Building] WARN  o.a.m.s.f.DefaultMavenResourcesFiltering - Using platform encoding (Cp1252 actually) to copy filtered resources, i.e. build is platform dependent!
2024-04-12 22:52:23,247 [Worker-33: Building] INFO  o.a.m.s.f.DefaultMavenResourcesFiltering - skip non existing resourceDirectory C:\Users\Tin\Desktop\cv\BackEnd\JavaProject\ProjectsServiceRestProject\src\test\resources
2024-04-12 22:53:06,947 [Worker-35: Building] INFO  o.e.m.c.i.l.LifecycleMappingFactory - Using org.maven.ide.eclipse.wtp.WarLifecycleMapping lifecycle mapping for MavenProject: ProfileServiceRestProject:ProfileServiceRestProject:0.0.1-SNAPSHOT @ C:\Users\Tin\Desktop\cv\BackEnd\JavaProject\ProfileServiceRestProject\pom.xml.
2024-04-12 22:53:07,802 [Worker-35: Building] WARN  o.a.m.s.f.DefaultMavenResourcesFiltering - Using platform encoding (Cp1252 actually) to copy filtered resources, i.e. build is platform dependent!
2024-04-12 22:53:07,803 [Worker-35: Building] INFO  o.a.m.s.f.DefaultMavenResourcesFiltering - skip non existing resourceDirectory C:\Users\Tin\Desktop\cv\BackEnd\JavaProject\ProfileServiceRestProject\src\main\resources
2024-04-12 22:53:07,806 [Worker-35: Building] WARN  o.a.m.s.f.DefaultMavenResourcesFiltering - Using platform encoding (Cp1252 actually) to copy filtered resources, i.e. build is platform dependent!
2024-04-12 22:53:07,807 [Worker-35: Building] INFO  o.a.m.s.f.DefaultMavenResourcesFiltering - skip non existing resourceDirectory C:\Users\Tin\Desktop\cv\BackEnd\JavaProject\ProfileServiceRestProject\src\test\resources
2024-04-12 22:53:07,807 [Worker-35: Building] INFO  o.e.m.w.i.f.ResourceFilteringBuildParticipant - Changed resources require a complete clean of filtered resources of ProfileServiceRestProject
2024-04-12 22:53:07,808 [Worker-35: Building] INFO  o.e.m.w.i.f.ResourceFilteringBuildParticipant - Executing resource filtering for ProfileServiceRestProject
2024-04-12 22:53:20,651 [Worker-34: Building] WARN  o.a.m.s.f.DefaultMavenResourcesFiltering - Using platform encoding (Cp1252 actually) to copy filtered resources, i.e. build is platform dependent!
2024-04-12 22:53:20,652 [Worker-34: Building] INFO  o.a.m.s.f.DefaultMavenResourcesFiltering - skip non existing resourceDirectory C:\Users\Tin\Desktop\cv\BackEnd\JavaProject\ProfileServiceRestProject\src\main\resources
2024-04-12 22:53:20,656 [Worker-34: Building] WARN  o.a.m.s.f.DefaultMavenResourcesFiltering - Using platform encoding (Cp1252 actually) to copy filtered resources, i.e. build is platform dependent!
2024-04-12 22:53:20,657 [Worker-34: Building] INFO  o.a.m.s.f.DefaultMavenResourcesFiltering - skip non existing resourceDirectory C:\Users\Tin\Desktop\cv\BackEnd\JavaProject\ProfileServiceRestProject\src\test\resources
2024-04-12 22:55:08,192 [Worker-34: Building] WARN  o.a.m.s.f.DefaultMavenResourcesFiltering - Using platform encoding (Cp1252 actually) to copy filtered resources, i.e. build is platform dependent!
2024-04-12 22:55:08,193 [Worker-34: Building] INFO  o.a.m.s.f.DefaultMavenResourcesFiltering - skip non existing resourceDirectory C:\Users\Tin\Desktop\cv\BackEnd\JavaProject\ProfileServiceRestProject\src\main\resources
2024-04-12 22:55:08,197 [Worker-34: Building] WARN  o.a.m.s.f.DefaultMavenResourcesFiltering - Using platform encoding (Cp1252 actually) to copy filtered resources, i.e. build is platform dependent!
2024-04-12 22:55:08,198 [Worker-34: Building] INFO  o.a.m.s.f.DefaultMavenResourcesFiltering - skip non existing resourceDirectory C:\Users\Tin\Desktop\cv\BackEnd\JavaProject\ProfileServiceRestProject\src\test\resources
2024-04-12 23:24:55,940 [Worker-1: Loading available Gradle versions] INFO  o.e.b.c.i.u.g.PublishedGradleVersions - Gradle version information cache is up-to-date. Trying to read.
